<?xml version="1.0" encoding="UTF-8"?>
<!-- Generated by org.testng.reporters.JUnitXMLReporter -->
<testsuite hostname="EPINHYDW041C" ignored="0" name="Suite" tests="3" failures="0" timestamp="2022-01-31T09:00:00 IST" time="346.649" errors="0">
  <testcase name="sampletesting1" time="8.579" classname="com.test.tests.ExampleTest1"/>
  <testcase name="sampletesting2" time="134.304" classname="com.test.tests.ExampleTest1"/>
  <testcase name="sampletesting2" time="20.434" classname="com.test.tests.ExampleTest1"/>
</testsuite> <!-- Suite -->
