<?xml version="1.0" encoding="UTF-8"?>
<!-- Generated by org.testng.reporters.JUnitXMLReporter -->
<testsuite hostname="DESKTOP-C4OUJ8U" ignored="0" name="Test" tests="3" failures="1" timestamp="2022-02-01T01:34:01 IST" time="57.9" errors="0">
  <testcase name="sampletesting1" time="11.563" classname="com.test.tests.ExampleTest1">
    <failure type="java.lang.AssertionError" message="The following asserts failed:
	Verifyig the title of the page expected [General information] but found [General informatioXX]">
      <![CDATA[java.lang.AssertionError: The following asserts failed:
Verifyig the title of the page expected [General information] but found [General informatioXX]
at com.test.tests.ExampleTest1.sampletesting1(ExampleTest1.java:102)
at java.util.ArrayList.forEach(Unknown Source)
... Removed 29 stack frames]]>
    </failure>
  </testcase> <!-- sampletesting1 -->
  <testcase name="sampletesting2" time="8.312" classname="com.test.tests.ExampleTest1"/>
  <testcase name="sampletesting2" time="7.573" classname="com.test.tests.ExampleTest1"/>
</testsuite> <!-- Test -->
