<?xml version="1.0" encoding="UTF-8"?>
<!-- Generated by org.testng.reporters.JUnitXMLReporter -->
<testsuite hostname="EPINHYDW041C" ignored="1" name="Test(failed)" tests="1" failures="0" timestamp="2022-01-31T01:14:09 IST" time="16.388" errors="0">
  <testcase name="sampletesting1" time="10.523" classname="com.test.tests.ExampleTest1"/>
  <testcase name="sampletesting2" time="0.0" classname="com.test.tests.ExampleTest1">
    <ignored/>
  </testcase> <!-- sampletesting2 -->
</testsuite> <!-- Test(failed) -->
